<?xml version="1.0" encoding="UTF-8"?>
<!-- Generated by org.testng.reporters.JUnitXMLReporter -->
<testsuite hostname="AzizullahComputer" ignored="2" name="regression test" tests="1" failures="0" timestamp="2021-05-30T12:30:49 EDT" time="31.485" errors="0">
  <testcase name="addMultipleEmployee" time="25.322" classname="testcases.AddEmployeeTest"/>
  <testcase name="addEmployee" time="0.0" classname="testcases.AddEmployeeTest">
    <ignored/>
  </testcase> <!-- addEmployee -->
  <testcase name="invalidLoginErrorMessageValidation" time="0.0" classname="testcases.LoginTest">
    <ignored/>
  </testcase> <!-- invalidLoginErrorMessageValidation -->
</testsuite> <!-- regression test -->
